CRITICAL - 2022-05-06 18:41:46 --> strpos(): Argument #3 ($offset) must be contained in argument #1 ($haystack)
#0 C:\xampp\htdocs\codeigniterCursos\system\Validation\Validation.php(724): strpos('uploaded[miarch...', '|', 47)
#1 C:\xampp\htdocs\codeigniterCursos\system\Validation\Validation.php(138): CodeIgniter\Validation\Validation->splitRules(Array)
#2 C:\xampp\htdocs\codeigniterCursos\system\Controller.php(160): CodeIgniter\Validation\Validation->run()
#3 C:\xampp\htdocs\codeigniterCursos\app\Controllers\Form.php(24): CodeIgniter\Controller->validate(Array)
#4 C:\xampp\htdocs\codeigniterCursos\system\CodeIgniter.php(832): App\Controllers\Form->index()
#5 C:\xampp\htdocs\codeigniterCursos\system\CodeIgniter.php(419): CodeIgniter\CodeIgniter->runController(Object(App\Controllers\Form))
#6 C:\xampp\htdocs\codeigniterCursos\system\CodeIgniter.php(326): CodeIgniter\CodeIgniter->handleRequest(NULL, Object(Config\Cache), false)
#7 C:\xampp\htdocs\codeigniterCursos\public\index.php(37): CodeIgniter\CodeIgniter->run()
#8 C:\xampp\htdocs\codeigniterCursos\system\Commands\Server\rewrite.php(43): require_once('C:\\xampp\\htdocs...')
#9 {main}
CRITICAL - 2022-05-06 18:45:09 --> strpos(): Argument #3 ($offset) must be contained in argument #1 ($haystack)
#0 C:\xampp\htdocs\codeigniterCursos\system\Validation\Validation.php(724): strpos('uploaded[archiv...', '|', 42)
#1 C:\xampp\htdocs\codeigniterCursos\system\Validation\Validation.php(138): CodeIgniter\Validation\Validation->splitRules(Array)
#2 C:\xampp\htdocs\codeigniterCursos\system\Controller.php(160): CodeIgniter\Validation\Validation->run()
#3 C:\xampp\htdocs\codeigniterCursos\app\Controllers\Form.php(24): CodeIgniter\Controller->validate(Array)
#4 C:\xampp\htdocs\codeigniterCursos\system\CodeIgniter.php(832): App\Controllers\Form->index()
#5 C:\xampp\htdocs\codeigniterCursos\system\CodeIgniter.php(419): CodeIgniter\CodeIgniter->runController(Object(App\Controllers\Form))
#6 C:\xampp\htdocs\codeigniterCursos\system\CodeIgniter.php(326): CodeIgniter\CodeIgniter->handleRequest(NULL, Object(Config\Cache), false)
#7 C:\xampp\htdocs\codeigniterCursos\public\index.php(37): CodeIgniter\CodeIgniter->run()
#8 C:\xampp\htdocs\codeigniterCursos\system\Commands\Server\rewrite.php(43): require_once('C:\\xampp\\htdocs...')
#9 {main}
CRITICAL - 2022-05-06 18:48:23 --> strpos(): Argument #3 ($offset) must be contained in argument #1 ($haystack)
#0 C:\xampp\htdocs\codeigniterCursos\system\Validation\Validation.php(724): strpos('uploaded[archiv...', '|', 42)
#1 C:\xampp\htdocs\codeigniterCursos\system\Validation\Validation.php(138): CodeIgniter\Validation\Validation->splitRules(Array)
#2 C:\xampp\htdocs\codeigniterCursos\system\Controller.php(160): CodeIgniter\Validation\Validation->run()
#3 C:\xampp\htdocs\codeigniterCursos\app\Controllers\Form.php(24): CodeIgniter\Controller->validate(Array)
#4 C:\xampp\htdocs\codeigniterCursos\system\CodeIgniter.php(832): App\Controllers\Form->index()
#5 C:\xampp\htdocs\codeigniterCursos\system\CodeIgniter.php(419): CodeIgniter\CodeIgniter->runController(Object(App\Controllers\Form))
#6 C:\xampp\htdocs\codeigniterCursos\system\CodeIgniter.php(326): CodeIgniter\CodeIgniter->handleRequest(NULL, Object(Config\Cache), false)
#7 C:\xampp\htdocs\codeigniterCursos\public\index.php(37): CodeIgniter\CodeIgniter->run()
#8 C:\xampp\htdocs\codeigniterCursos\system\Commands\Server\rewrite.php(43): require_once('C:\\xampp\\htdocs...')
#9 {main}
